Arguments: 
  /Users/worthdaily/.nvm/versions/node/v9.6.0/bin/node /Users/worthdaily/.nvm/versions/node/v9.6.0/bin/yarn init

PATH: 
  /Users/worthdaily/.nvm/versions/node/v9.6.0/bin:/usr/local/bin:/usr/bin:/bin:/usr/sbin:/sbin

Yarn version: 
  1.6.0

Node version: 
  9.6.0

Platform: 
  darwin x64

Trace: 
  Error: canceled
      at Interface.<anonymous> (/Users/worthdaily/.nvm/versions/node/v9.6.0/lib/node_modules/yarn/lib/cli.js:129516:13)
      at Interface.emit (events.js:125:13)
      at Interface._ttyWrite (readline.js:783:16)
      at ReadStream.onkeypress (readline.js:163:10)
      at ReadStream.emit (events.js:125:13)
      at emitKeys (internal/readline.js:420:14)
      at emitKeys.next (<anonymous>)
      at ReadStream.onData (readline.js:1019:36)
      at ReadStream.emit (events.js:125:13)
      at addChunk (_stream_readable.js:269:12)

npm manifest: 
  No manifest

yarn manifest: 
  No manifest

Lockfile: 
  No lockfile
